2020-06-07 09:17:24.246  INFO 28408 --- [main] com.lifecode.LifeCodeApplication         : Starting LifeCodeApplication on VINHTP with PID 28408 (E:\projects\eclipse-workspace\lifecode-rest\target\classes started by Vinh in E:\projects\eclipse-workspace\lifecode-rest)
2020-06-07 09:17:24.265 DEBUG 28408 --- [main] com.lifecode.LifeCodeApplication         : Running with Spring Boot v2.2.2.RELEASE, Spring v5.2.2.RELEASE
2020-06-07 09:17:24.265  INFO 28408 --- [main] com.lifecode.LifeCodeApplication         : No active profile set, falling back to default profiles: default
2020-06-07 09:17:26.082  INFO 28408 --- [main] o.apache.catalina.core.StandardService   : Starting service [Tomcat]
2020-06-07 09:17:26.082  INFO 28408 --- [main] org.apache.catalina.core.StandardEngine  : Starting Servlet engine: [Apache Tomcat/9.0.29]
2020-06-07 09:17:26.158  INFO 28408 --- [main] o.a.c.c.C.[Tomcat].[localhost].[/]       : Initializing Spring embedded WebApplicationContext
2020-06-07 09:17:26.332  INFO 28408 --- [main] o.hibernate.jpa.internal.util.LogHelper  : HHH000204: Processing PersistenceUnitInfo [name: default]
2020-06-07 09:17:26.389  INFO 28408 --- [main] org.hibernate.Version                    : HHH000412: Hibernate Core {5.4.9.Final}
2020-06-07 09:17:26.546  INFO 28408 --- [main] o.hibernate.annotations.common.Version   : HCANN000001: Hibernate Commons Annotations {5.1.0.Final}
2020-06-07 09:17:27.366  INFO 28408 --- [main] org.hibernate.dialect.Dialect            : HHH000400: Using dialect: org.hibernate.dialect.MySQL5InnoDBDialect
2020-06-07 09:17:28.025  INFO 28408 --- [main] org.hibernate.tuple.PojoInstantiator     : HHH000182: No default (no-argument) constructor for class: com.lifecode.jpa.entity.Post (class must be instantiated by Interceptor)
2020-06-07 09:17:28.043  INFO 28408 --- [main] org.hibernate.tuple.PojoInstantiator     : HHH000182: No default (no-argument) constructor for class: com.lifecode.jpa.entity.Image (class must be instantiated by Interceptor)
2020-06-07 09:17:28.672  INFO 28408 --- [main] o.h.e.t.j.p.i.JtaPlatformInitiator       : HHH000490: Using JtaPlatform implementation: [org.hibernate.engine.transaction.jta.platform.internal.NoJtaPlatform]
2020-06-07 09:17:29.076 DEBUG 28408 --- [main] c.l.security.JwtAuthenticationFilter     : Filter 'jwtAuthenticationFilter' configured for use
2020-06-07 09:17:30.320  WARN 28408 --- [main] JpaBaseConfiguration$JpaWebConfiguration : spring.jpa.open-in-view is enabled by default. Therefore, database queries may be performed during view rendering. Explicitly configure spring.jpa.open-in-view to disable this warning
2020-06-07 09:17:30.543  INFO 28408 --- [main] com.lifecode.LifeCodeApplication         : Started LifeCodeApplication in 6.628 seconds (JVM running for 10.303)
2020-06-07 09:25:13.343  INFO 28408 --- [http-nio-8888-exec-1] o.a.c.c.C.[Tomcat].[localhost].[/]       : Initializing Spring DispatcherServlet 'dispatcherServlet'
2020-06-07 09:25:13.413 ERROR 28408 --- [http-nio-8888-exec-1] com.lifecode.security.JwtTokenProvider   : Invalid JWT token
2020-06-07 09:25:13.690 DEBUG 28408 --- [http-nio-8888-exec-1] org.hibernate.SQL                        : select user0_.user_id as user_id1_10_, user0_.created_at as created_2_10_, user0_.updated_at as updated_3_10_, user0_.address as address4_10_, user0_.avatar_path as avatar_p5_10_, user0_.city as city6_10_, user0_.company_name as company_7_10_, user0_.country as country8_10_, user0_.email as email9_10_, user0_.facebook as faceboo10_10_, user0_.instagram as instagr11_10_, user0_.join_date as join_da12_10_, user0_.linkedin as linkedi13_10_, user0_.name as name14_10_, user0_.note as note15_10_, user0_.occupation as occupat16_10_, user0_.password as passwor17_10_, user0_.phone as phone18_10_, user0_.twitter as twitter19_10_, user0_.type as type20_10_, user0_.user_type_cd as user_ty21_10_, user0_.username as usernam22_10_ from users user0_ where user0_.username=? or user0_.email=?
2020-06-07 09:25:13.746 DEBUG 28408 --- [http-nio-8888-exec-1] org.hibernate.SQL                        : select roles0_.user_id as user_id1_9_0_, roles0_.role_id as role_id2_9_0_, role1_.role_id as role_id1_7_1_, role1_.name as name2_7_1_ from user_roles roles0_ inner join roles role1_ on roles0_.role_id=role1_.role_id where roles0_.user_id=?
2020-06-07 09:25:14.264 DEBUG 28408 --- [http-nio-8888-exec-3] org.hibernate.SQL                        : select user0_.user_id as user_id1_10_0_, user0_.created_at as created_2_10_0_, user0_.updated_at as updated_3_10_0_, user0_.address as address4_10_0_, user0_.avatar_path as avatar_p5_10_0_, user0_.city as city6_10_0_, user0_.company_name as company_7_10_0_, user0_.country as country8_10_0_, user0_.email as email9_10_0_, user0_.facebook as faceboo10_10_0_, user0_.instagram as instagr11_10_0_, user0_.join_date as join_da12_10_0_, user0_.linkedin as linkedi13_10_0_, user0_.name as name14_10_0_, user0_.note as note15_10_0_, user0_.occupation as occupat16_10_0_, user0_.password as passwor17_10_0_, user0_.phone as phone18_10_0_, user0_.twitter as twitter19_10_0_, user0_.type as type20_10_0_, user0_.user_type_cd as user_ty21_10_0_, user0_.username as usernam22_10_0_ from users user0_ where user0_.user_id=?
2020-06-07 09:25:14.269 DEBUG 28408 --- [http-nio-8888-exec-3] org.hibernate.SQL                        : select roles0_.user_id as user_id1_9_0_, roles0_.role_id as role_id2_9_0_, role1_.role_id as role_id1_7_1_, role1_.name as name2_7_1_ from user_roles roles0_ inner join roles role1_ on roles0_.role_id=role1_.role_id where roles0_.user_id=?
2020-06-07 09:25:16.547 DEBUG 28408 --- [http-nio-8888-exec-6] org.hibernate.SQL                        : select user0_.user_id as user_id1_10_0_, user0_.created_at as created_2_10_0_, user0_.updated_at as updated_3_10_0_, user0_.address as address4_10_0_, user0_.avatar_path as avatar_p5_10_0_, user0_.city as city6_10_0_, user0_.company_name as company_7_10_0_, user0_.country as country8_10_0_, user0_.email as email9_10_0_, user0_.facebook as faceboo10_10_0_, user0_.instagram as instagr11_10_0_, user0_.join_date as join_da12_10_0_, user0_.linkedin as linkedi13_10_0_, user0_.name as name14_10_0_, user0_.note as note15_10_0_, user0_.occupation as occupat16_10_0_, user0_.password as passwor17_10_0_, user0_.phone as phone18_10_0_, user0_.twitter as twitter19_10_0_, user0_.type as type20_10_0_, user0_.user_type_cd as user_ty21_10_0_, user0_.username as usernam22_10_0_ from users user0_ where user0_.user_id=?
2020-06-07 09:25:16.548 DEBUG 28408 --- [http-nio-8888-exec-7] org.hibernate.SQL                        : select user0_.user_id as user_id1_10_0_, user0_.created_at as created_2_10_0_, user0_.updated_at as updated_3_10_0_, user0_.address as address4_10_0_, user0_.avatar_path as avatar_p5_10_0_, user0_.city as city6_10_0_, user0_.company_name as company_7_10_0_, user0_.country as country8_10_0_, user0_.email as email9_10_0_, user0_.facebook as faceboo10_10_0_, user0_.instagram as instagr11_10_0_, user0_.join_date as join_da12_10_0_, user0_.linkedin as linkedi13_10_0_, user0_.name as name14_10_0_, user0_.note as note15_10_0_, user0_.occupation as occupat16_10_0_, user0_.password as passwor17_10_0_, user0_.phone as phone18_10_0_, user0_.twitter as twitter19_10_0_, user0_.type as type20_10_0_, user0_.user_type_cd as user_ty21_10_0_, user0_.username as usernam22_10_0_ from users user0_ where user0_.user_id=?
2020-06-07 09:25:16.550 DEBUG 28408 --- [http-nio-8888-exec-7] org.hibernate.SQL                        : select roles0_.user_id as user_id1_9_0_, roles0_.role_id as role_id2_9_0_, role1_.role_id as role_id1_7_1_, role1_.name as name2_7_1_ from user_roles roles0_ inner join roles role1_ on roles0_.role_id=role1_.role_id where roles0_.user_id=?
2020-06-07 09:25:16.550 DEBUG 28408 --- [http-nio-8888-exec-6] org.hibernate.SQL                        : select roles0_.user_id as user_id1_9_0_, roles0_.role_id as role_id2_9_0_, role1_.role_id as role_id1_7_1_, role1_.name as name2_7_1_ from user_roles roles0_ inner join roles role1_ on roles0_.role_id=role1_.role_id where roles0_.user_id=?
2020-06-07 09:25:16.604 DEBUG 28408 --- [http-nio-8888-exec-6] c.l.interceptor.MyBatisQueryIntercept    : 
==================== mapperId ====================
com.lifecode.mybatis.mapper.CategoryMapper.selectCategories
==================== query ====================
		SELECT
		A.CATEGORY_ID
		,A.CATEGORY
		,A.CATEGORY_IMG
			,COUNT(B.POST_ID) AS NUMBER_OF_POSTS
		FROM
			CATEGORIES A
			LEFT JOIN POSTS B ON A.CATEGORY_ID = B.CATEGORY_ID
			GROUP BY A.CATEGORY_ID

2020-06-07 09:25:16.604 DEBUG 28408 --- [http-nio-8888-exec-7] c.l.interceptor.MyBatisQueryIntercept    : 
==================== mapperId ====================
com.lifecode.mybatis.mapper.TagMapper.selectTags
==================== query ====================
		SELECT
		a.tag_id
		,a.tag
		FROM
			TAGS A
			GROUP BY A.TAG_ID

2020-06-07 09:25:16.624 DEBUG 28408 --- [http-nio-8888-exec-7] c.l.mybatis.mapper.TagMapper.selectTags  : ==>  Preparing: SELECT a.tag_id ,a.tag FROM TAGS A GROUP BY A.TAG_ID 
2020-06-07 09:25:16.624 DEBUG 28408 --- [http-nio-8888-exec-6] c.l.m.m.CategoryMapper.selectCategories  : ==>  Preparing: SELECT A.CATEGORY_ID ,A.CATEGORY ,A.CATEGORY_IMG ,COUNT(B.POST_ID) AS NUMBER_OF_POSTS FROM CATEGORIES A LEFT JOIN POSTS B ON A.CATEGORY_ID = B.CATEGORY_ID GROUP BY A.CATEGORY_ID 
2020-06-07 09:25:16.636 DEBUG 28408 --- [http-nio-8888-exec-7] c.l.mybatis.mapper.TagMapper.selectTags  : ==> Parameters: 
2020-06-07 09:25:16.636 DEBUG 28408 --- [http-nio-8888-exec-6] c.l.m.m.CategoryMapper.selectCategories  : ==> Parameters: 
2020-06-07 09:25:16.756 DEBUG 28408 --- [http-nio-8888-exec-6] c.l.m.m.CategoryMapper.selectCategories  : <==      Total: 4
2020-06-07 09:25:16.764 DEBUG 28408 --- [http-nio-8888-exec-7] c.l.mybatis.mapper.TagMapper.selectTags  : <==      Total: 16
2020-06-07 09:25:47.336 DEBUG 28408 --- [http-nio-8888-exec-3] org.hibernate.SQL                        : select user0_.user_id as user_id1_10_0_, user0_.created_at as created_2_10_0_, user0_.updated_at as updated_3_10_0_, user0_.address as address4_10_0_, user0_.avatar_path as avatar_p5_10_0_, user0_.city as city6_10_0_, user0_.company_name as company_7_10_0_, user0_.country as country8_10_0_, user0_.email as email9_10_0_, user0_.facebook as faceboo10_10_0_, user0_.instagram as instagr11_10_0_, user0_.join_date as join_da12_10_0_, user0_.linkedin as linkedi13_10_0_, user0_.name as name14_10_0_, user0_.note as note15_10_0_, user0_.occupation as occupat16_10_0_, user0_.password as passwor17_10_0_, user0_.phone as phone18_10_0_, user0_.twitter as twitter19_10_0_, user0_.type as type20_10_0_, user0_.user_type_cd as user_ty21_10_0_, user0_.username as usernam22_10_0_ from users user0_ where user0_.user_id=?
2020-06-07 09:25:47.337 DEBUG 28408 --- [http-nio-8888-exec-3] org.hibernate.SQL                        : select roles0_.user_id as user_id1_9_0_, roles0_.role_id as role_id2_9_0_, role1_.role_id as role_id1_7_1_, role1_.name as name2_7_1_ from user_roles roles0_ inner join roles role1_ on roles0_.role_id=role1_.role_id where roles0_.user_id=?
2020-06-07 09:25:56.476 DEBUG 28408 --- [http-nio-8888-exec-3] org.hibernate.SQL                        : select tag0_.tag_id as tag_id1_8_, tag0_.tag as tag2_8_ from tags tag0_ where tag0_.tag_id in (? , ?)
2020-06-07 09:25:58.846 DEBUG 28408 --- [http-nio-8888-exec-3] org.hibernate.SQL                        : select category0_.category_id as category1_0_0_, category0_.category as category2_0_0_, category0_.category_img as category3_0_0_ from categories category0_ where category0_.category_id=?
2020-06-07 09:26:16.656 DEBUG 28408 --- [http-nio-8888-exec-3] org.hibernate.SQL                        : insert into images (path) values (?)
2020-06-07 09:26:16.890 DEBUG 28408 --- [http-nio-8888-exec-3] org.hibernate.SQL                        : insert into images (path) values (?)
2020-06-07 09:26:16.962 DEBUG 28408 --- [http-nio-8888-exec-3] org.hibernate.SQL                        : insert into images (path) values (?)
2020-06-07 09:27:06.734 DEBUG 28408 --- [http-nio-8888-exec-3] org.hibernate.SQL                        : insert into posts (created_at, updated_at, category_id, content, level, sumary, times_of_view, title) values (?, ?, ?, ?, ?, ?, ?, ?)
2020-06-07 09:27:06.868 DEBUG 28408 --- [http-nio-8888-exec-3] org.hibernate.SQL                        : insert into posts_images (post_id, image_id) values (?, ?)
2020-06-07 09:27:06.870 DEBUG 28408 --- [http-nio-8888-exec-3] org.hibernate.SQL                        : insert into posts_images (post_id, image_id) values (?, ?)
2020-06-07 09:27:06.871 DEBUG 28408 --- [http-nio-8888-exec-3] org.hibernate.SQL                        : insert into posts_images (post_id, image_id) values (?, ?)
2020-06-07 09:27:06.873 DEBUG 28408 --- [http-nio-8888-exec-3] org.hibernate.SQL                        : insert into posts_tags (post_id, tag_id) values (?, ?)
2020-06-07 09:27:06.880 DEBUG 28408 --- [http-nio-8888-exec-3] org.hibernate.SQL                        : insert into posts_tags (post_id, tag_id) values (?, ?)
2020-06-07 09:27:28.104 DEBUG 28408 --- [http-nio-8888-exec-5] org.hibernate.SQL                        : select user0_.user_id as user_id1_10_0_, user0_.created_at as created_2_10_0_, user0_.updated_at as updated_3_10_0_, user0_.address as address4_10_0_, user0_.avatar_path as avatar_p5_10_0_, user0_.city as city6_10_0_, user0_.company_name as company_7_10_0_, user0_.country as country8_10_0_, user0_.email as email9_10_0_, user0_.facebook as faceboo10_10_0_, user0_.instagram as instagr11_10_0_, user0_.join_date as join_da12_10_0_, user0_.linkedin as linkedi13_10_0_, user0_.name as name14_10_0_, user0_.note as note15_10_0_, user0_.occupation as occupat16_10_0_, user0_.password as passwor17_10_0_, user0_.phone as phone18_10_0_, user0_.twitter as twitter19_10_0_, user0_.type as type20_10_0_, user0_.user_type_cd as user_ty21_10_0_, user0_.username as usernam22_10_0_ from users user0_ where user0_.user_id=?
2020-06-07 09:27:28.108 DEBUG 28408 --- [http-nio-8888-exec-5] org.hibernate.SQL                        : select roles0_.user_id as user_id1_9_0_, roles0_.role_id as role_id2_9_0_, role1_.role_id as role_id1_7_1_, role1_.name as name2_7_1_ from user_roles roles0_ inner join roles role1_ on roles0_.role_id=role1_.role_id where roles0_.user_id=?
2020-06-07 09:27:36.150 DEBUG 28408 --- [http-nio-8888-exec-6] org.hibernate.SQL                        : select user0_.user_id as user_id1_10_0_, user0_.created_at as created_2_10_0_, user0_.updated_at as updated_3_10_0_, user0_.address as address4_10_0_, user0_.avatar_path as avatar_p5_10_0_, user0_.city as city6_10_0_, user0_.company_name as company_7_10_0_, user0_.country as country8_10_0_, user0_.email as email9_10_0_, user0_.facebook as faceboo10_10_0_, user0_.instagram as instagr11_10_0_, user0_.join_date as join_da12_10_0_, user0_.linkedin as linkedi13_10_0_, user0_.name as name14_10_0_, user0_.note as note15_10_0_, user0_.occupation as occupat16_10_0_, user0_.password as passwor17_10_0_, user0_.phone as phone18_10_0_, user0_.twitter as twitter19_10_0_, user0_.type as type20_10_0_, user0_.user_type_cd as user_ty21_10_0_, user0_.username as usernam22_10_0_ from users user0_ where user0_.user_id=?
2020-06-07 09:27:36.152 DEBUG 28408 --- [http-nio-8888-exec-6] org.hibernate.SQL                        : select roles0_.user_id as user_id1_9_0_, roles0_.role_id as role_id2_9_0_, role1_.role_id as role_id1_7_1_, role1_.name as name2_7_1_ from user_roles roles0_ inner join roles role1_ on roles0_.role_id=role1_.role_id where roles0_.user_id=?
2020-06-07 09:27:44.356 DEBUG 28408 --- [http-nio-8888-exec-7] org.hibernate.SQL                        : select user0_.user_id as user_id1_10_0_, user0_.created_at as created_2_10_0_, user0_.updated_at as updated_3_10_0_, user0_.address as address4_10_0_, user0_.avatar_path as avatar_p5_10_0_, user0_.city as city6_10_0_, user0_.company_name as company_7_10_0_, user0_.country as country8_10_0_, user0_.email as email9_10_0_, user0_.facebook as faceboo10_10_0_, user0_.instagram as instagr11_10_0_, user0_.join_date as join_da12_10_0_, user0_.linkedin as linkedi13_10_0_, user0_.name as name14_10_0_, user0_.note as note15_10_0_, user0_.occupation as occupat16_10_0_, user0_.password as passwor17_10_0_, user0_.phone as phone18_10_0_, user0_.twitter as twitter19_10_0_, user0_.type as type20_10_0_, user0_.user_type_cd as user_ty21_10_0_, user0_.username as usernam22_10_0_ from users user0_ where user0_.user_id=?
2020-06-07 09:27:44.358 DEBUG 28408 --- [http-nio-8888-exec-7] org.hibernate.SQL                        : select roles0_.user_id as user_id1_9_0_, roles0_.role_id as role_id2_9_0_, role1_.role_id as role_id1_7_1_, role1_.name as name2_7_1_ from user_roles roles0_ inner join roles role1_ on roles0_.role_id=role1_.role_id where roles0_.user_id=?
2020-06-07 09:27:59.644 DEBUG 28408 --- [http-nio-8888-exec-8] org.hibernate.SQL                        : select user0_.user_id as user_id1_10_0_, user0_.created_at as created_2_10_0_, user0_.updated_at as updated_3_10_0_, user0_.address as address4_10_0_, user0_.avatar_path as avatar_p5_10_0_, user0_.city as city6_10_0_, user0_.company_name as company_7_10_0_, user0_.country as country8_10_0_, user0_.email as email9_10_0_, user0_.facebook as faceboo10_10_0_, user0_.instagram as instagr11_10_0_, user0_.join_date as join_da12_10_0_, user0_.linkedin as linkedi13_10_0_, user0_.name as name14_10_0_, user0_.note as note15_10_0_, user0_.occupation as occupat16_10_0_, user0_.password as passwor17_10_0_, user0_.phone as phone18_10_0_, user0_.twitter as twitter19_10_0_, user0_.type as type20_10_0_, user0_.user_type_cd as user_ty21_10_0_, user0_.username as usernam22_10_0_ from users user0_ where user0_.user_id=?
2020-06-07 09:27:59.646 DEBUG 28408 --- [http-nio-8888-exec-8] org.hibernate.SQL                        : select roles0_.user_id as user_id1_9_0_, roles0_.role_id as role_id2_9_0_, role1_.role_id as role_id1_7_1_, role1_.name as name2_7_1_ from user_roles roles0_ inner join roles role1_ on roles0_.role_id=role1_.role_id where roles0_.user_id=?
2020-06-07 09:28:03.784 DEBUG 28408 --- [http-nio-8888-exec-9] org.hibernate.SQL                        : select user0_.user_id as user_id1_10_0_, user0_.created_at as created_2_10_0_, user0_.updated_at as updated_3_10_0_, user0_.address as address4_10_0_, user0_.avatar_path as avatar_p5_10_0_, user0_.city as city6_10_0_, user0_.company_name as company_7_10_0_, user0_.country as country8_10_0_, user0_.email as email9_10_0_, user0_.facebook as faceboo10_10_0_, user0_.instagram as instagr11_10_0_, user0_.join_date as join_da12_10_0_, user0_.linkedin as linkedi13_10_0_, user0_.name as name14_10_0_, user0_.note as note15_10_0_, user0_.occupation as occupat16_10_0_, user0_.password as passwor17_10_0_, user0_.phone as phone18_10_0_, user0_.twitter as twitter19_10_0_, user0_.type as type20_10_0_, user0_.user_type_cd as user_ty21_10_0_, user0_.username as usernam22_10_0_ from users user0_ where user0_.user_id=?
2020-06-07 09:28:03.786 DEBUG 28408 --- [http-nio-8888-exec-9] org.hibernate.SQL                        : select roles0_.user_id as user_id1_9_0_, roles0_.role_id as role_id2_9_0_, role1_.role_id as role_id1_7_1_, role1_.name as name2_7_1_ from user_roles roles0_ inner join roles role1_ on roles0_.role_id=role1_.role_id where roles0_.user_id=?
2020-06-07 09:28:08.193 DEBUG 28408 --- [http-nio-8888-exec-10] org.hibernate.SQL                        : select user0_.user_id as user_id1_10_0_, user0_.created_at as created_2_10_0_, user0_.updated_at as updated_3_10_0_, user0_.address as address4_10_0_, user0_.avatar_path as avatar_p5_10_0_, user0_.city as city6_10_0_, user0_.company_name as company_7_10_0_, user0_.country as country8_10_0_, user0_.email as email9_10_0_, user0_.facebook as faceboo10_10_0_, user0_.instagram as instagr11_10_0_, user0_.join_date as join_da12_10_0_, user0_.linkedin as linkedi13_10_0_, user0_.name as name14_10_0_, user0_.note as note15_10_0_, user0_.occupation as occupat16_10_0_, user0_.password as passwor17_10_0_, user0_.phone as phone18_10_0_, user0_.twitter as twitter19_10_0_, user0_.type as type20_10_0_, user0_.user_type_cd as user_ty21_10_0_, user0_.username as usernam22_10_0_ from users user0_ where user0_.user_id=?
2020-06-07 09:28:08.196 DEBUG 28408 --- [http-nio-8888-exec-10] org.hibernate.SQL                        : select roles0_.user_id as user_id1_9_0_, roles0_.role_id as role_id2_9_0_, role1_.role_id as role_id1_7_1_, role1_.name as name2_7_1_ from user_roles roles0_ inner join roles role1_ on roles0_.role_id=role1_.role_id where roles0_.user_id=?
2020-06-07 09:28:16.820 DEBUG 28408 --- [http-nio-8888-exec-1] org.hibernate.SQL                        : select user0_.user_id as user_id1_10_0_, user0_.created_at as created_2_10_0_, user0_.updated_at as updated_3_10_0_, user0_.address as address4_10_0_, user0_.avatar_path as avatar_p5_10_0_, user0_.city as city6_10_0_, user0_.company_name as company_7_10_0_, user0_.country as country8_10_0_, user0_.email as email9_10_0_, user0_.facebook as faceboo10_10_0_, user0_.instagram as instagr11_10_0_, user0_.join_date as join_da12_10_0_, user0_.linkedin as linkedi13_10_0_, user0_.name as name14_10_0_, user0_.note as note15_10_0_, user0_.occupation as occupat16_10_0_, user0_.password as passwor17_10_0_, user0_.phone as phone18_10_0_, user0_.twitter as twitter19_10_0_, user0_.type as type20_10_0_, user0_.user_type_cd as user_ty21_10_0_, user0_.username as usernam22_10_0_ from users user0_ where user0_.user_id=?
2020-06-07 09:28:16.822 DEBUG 28408 --- [http-nio-8888-exec-1] org.hibernate.SQL                        : select roles0_.user_id as user_id1_9_0_, roles0_.role_id as role_id2_9_0_, role1_.role_id as role_id1_7_1_, role1_.name as name2_7_1_ from user_roles roles0_ inner join roles role1_ on roles0_.role_id=role1_.role_id where roles0_.user_id=?
2020-06-07 09:28:24.920 DEBUG 28408 --- [http-nio-8888-exec-2] org.hibernate.SQL                        : select user0_.user_id as user_id1_10_0_, user0_.created_at as created_2_10_0_, user0_.updated_at as updated_3_10_0_, user0_.address as address4_10_0_, user0_.avatar_path as avatar_p5_10_0_, user0_.city as city6_10_0_, user0_.company_name as company_7_10_0_, user0_.country as country8_10_0_, user0_.email as email9_10_0_, user0_.facebook as faceboo10_10_0_, user0_.instagram as instagr11_10_0_, user0_.join_date as join_da12_10_0_, user0_.linkedin as linkedi13_10_0_, user0_.name as name14_10_0_, user0_.note as note15_10_0_, user0_.occupation as occupat16_10_0_, user0_.password as passwor17_10_0_, user0_.phone as phone18_10_0_, user0_.twitter as twitter19_10_0_, user0_.type as type20_10_0_, user0_.user_type_cd as user_ty21_10_0_, user0_.username as usernam22_10_0_ from users user0_ where user0_.user_id=?
2020-06-07 09:28:24.922 DEBUG 28408 --- [http-nio-8888-exec-2] org.hibernate.SQL                        : select roles0_.user_id as user_id1_9_0_, roles0_.role_id as role_id2_9_0_, role1_.role_id as role_id1_7_1_, role1_.name as name2_7_1_ from user_roles roles0_ inner join roles role1_ on roles0_.role_id=role1_.role_id where roles0_.user_id=?
2020-06-07 09:28:30.553 DEBUG 28408 --- [http-nio-8888-exec-4] org.hibernate.SQL                        : select user0_.user_id as user_id1_10_0_, user0_.created_at as created_2_10_0_, user0_.updated_at as updated_3_10_0_, user0_.address as address4_10_0_, user0_.avatar_path as avatar_p5_10_0_, user0_.city as city6_10_0_, user0_.company_name as company_7_10_0_, user0_.country as country8_10_0_, user0_.email as email9_10_0_, user0_.facebook as faceboo10_10_0_, user0_.instagram as instagr11_10_0_, user0_.join_date as join_da12_10_0_, user0_.linkedin as linkedi13_10_0_, user0_.name as name14_10_0_, user0_.note as note15_10_0_, user0_.occupation as occupat16_10_0_, user0_.password as passwor17_10_0_, user0_.phone as phone18_10_0_, user0_.twitter as twitter19_10_0_, user0_.type as type20_10_0_, user0_.user_type_cd as user_ty21_10_0_, user0_.username as usernam22_10_0_ from users user0_ where user0_.user_id=?
2020-06-07 09:28:30.555 DEBUG 28408 --- [http-nio-8888-exec-4] org.hibernate.SQL                        : select roles0_.user_id as user_id1_9_0_, roles0_.role_id as role_id2_9_0_, role1_.role_id as role_id1_7_1_, role1_.name as name2_7_1_ from user_roles roles0_ inner join roles role1_ on roles0_.role_id=role1_.role_id where roles0_.user_id=?
2020-06-07 09:28:35.211 DEBUG 28408 --- [http-nio-8888-exec-3] org.hibernate.SQL                        : select user0_.user_id as user_id1_10_0_, user0_.created_at as created_2_10_0_, user0_.updated_at as updated_3_10_0_, user0_.address as address4_10_0_, user0_.avatar_path as avatar_p5_10_0_, user0_.city as city6_10_0_, user0_.company_name as company_7_10_0_, user0_.country as country8_10_0_, user0_.email as email9_10_0_, user0_.facebook as faceboo10_10_0_, user0_.instagram as instagr11_10_0_, user0_.join_date as join_da12_10_0_, user0_.linkedin as linkedi13_10_0_, user0_.name as name14_10_0_, user0_.note as note15_10_0_, user0_.occupation as occupat16_10_0_, user0_.password as passwor17_10_0_, user0_.phone as phone18_10_0_, user0_.twitter as twitter19_10_0_, user0_.type as type20_10_0_, user0_.user_type_cd as user_ty21_10_0_, user0_.username as usernam22_10_0_ from users user0_ where user0_.user_id=?
2020-06-07 09:28:35.213 DEBUG 28408 --- [http-nio-8888-exec-3] org.hibernate.SQL                        : select roles0_.user_id as user_id1_9_0_, roles0_.role_id as role_id2_9_0_, role1_.role_id as role_id1_7_1_, role1_.name as name2_7_1_ from user_roles roles0_ inner join roles role1_ on roles0_.role_id=role1_.role_id where roles0_.user_id=?
2020-06-07 13:25:35.140 ERROR 28408 --- [http-nio-8888-exec-6] com.lifecode.security.JwtTokenProvider   : Expired JWT token
2020-06-07 18:36:33.386  WARN 28408 --- [RMI TCP Connection(256)-127.0.0.1] javax.management.remote.misc             : The server has decided to close this client connection.
